CRITICAL - 2023-06-17 14:37:33 --> Undefined variable $usuarios
in APPPATH\Views\welcome_message.php on line 288.
 1 APPPATH\Views\welcome_message.php(288): CodeIgniter\Debug\Exceptions->errorHandler(2, 'Undefined variable $usuarios', 'C:\\xamppp\\htdocs\\PHP-DataTable\\app\\Views\\welcome_message.php', 288)
 2 SYSTEMPATH\View\View.php(213): include('C:\\xamppp\\htdocs\\PHP-DataTable\\app\\Views\\welcome_message.php')
 3 SYSTEMPATH\View\View.php(216): CodeIgniter\View\View->CodeIgniter\View\{closure}()
 4 SYSTEMPATH\Common.php(1184): CodeIgniter\View\View->render('welcome_message', [], true)
 5 APPPATH\Controllers\Home.php(9): view('welcome_message')
 6 SYSTEMPATH\CodeIgniter.php(934): App\Controllers\Home->index()
 7 SYSTEMPATH\CodeIgniter.php(499): CodeIgniter\CodeIgniter->runController(Object(App\Controllers\Home))
 8 SYSTEMPATH\CodeIgniter.php(368): CodeIgniter\CodeIgniter->handleRequest(null, Object(Config\Cache), false)
 9 FCPATH\index.php(67): CodeIgniter\CodeIgniter->run()
10 SYSTEMPATH\Commands\Server\rewrite.php(47): require_once('C:\\xamppp\\htdocs\\PHP-DataTable\\public\\index.php')
CRITICAL - 2023-06-17 14:37:37 --> Undefined variable $usuarios
in APPPATH\Views\welcome_message.php on line 288.
 1 APPPATH\Views\welcome_message.php(288): CodeIgniter\Debug\Exceptions->errorHandler(2, 'Undefined variable $usuarios', 'C:\\xamppp\\htdocs\\PHP-DataTable\\app\\Views\\welcome_message.php', 288)
 2 SYSTEMPATH\View\View.php(213): include('C:\\xamppp\\htdocs\\PHP-DataTable\\app\\Views\\welcome_message.php')
 3 SYSTEMPATH\View\View.php(216): CodeIgniter\View\View->CodeIgniter\View\{closure}()
 4 SYSTEMPATH\Common.php(1184): CodeIgniter\View\View->render('welcome_message', [], true)
 5 APPPATH\Controllers\Home.php(9): view('welcome_message')
 6 SYSTEMPATH\CodeIgniter.php(934): App\Controllers\Home->index()
 7 SYSTEMPATH\CodeIgniter.php(499): CodeIgniter\CodeIgniter->runController(Object(App\Controllers\Home))
 8 SYSTEMPATH\CodeIgniter.php(368): CodeIgniter\CodeIgniter->handleRequest(null, Object(Config\Cache), false)
 9 FCPATH\index.php(67): CodeIgniter\CodeIgniter->run()
10 SYSTEMPATH\Commands\Server\rewrite.php(47): require_once('C:\\xamppp\\htdocs\\PHP-DataTable\\public\\index.php')
CRITICAL - 2023-06-17 15:13:20 --> syntax error, unexpected token "=>", expecting ")"
in APPPATH\Controllers\Home.php on line 10.
 1 SYSTEMPATH\Autoloader\Autoloader.php(289): CodeIgniter\Autoloader\Autoloader->includeFile('C:\\xamppp\\htdocs\\PHP-DataTable\\app\\Controllers\\Home.php')
 2 SYSTEMPATH\Autoloader\Autoloader.php(267): CodeIgniter\Autoloader\Autoloader->loadInNamespace('App\\Controllers\\Home')
 3 [internal function]: CodeIgniter\Autoloader\Autoloader->loadClass('App\\Controllers\\Home')
 4 SYSTEMPATH\CodeIgniter.php(892): class_exists('\\App\\Controllers\\Home', true)
 5 SYSTEMPATH\CodeIgniter.php(486): CodeIgniter\CodeIgniter->startController()
 6 SYSTEMPATH\CodeIgniter.php(368): CodeIgniter\CodeIgniter->handleRequest(null, Object(Config\Cache), false)
 7 FCPATH\index.php(67): CodeIgniter\CodeIgniter->run()
 8 SYSTEMPATH\Commands\Server\rewrite.php(47): require_once('C:\\xamppp\\htdocs\\PHP-DataTable\\public\\index.php')
CRITICAL - 2023-06-17 15:15:24 --> syntax error, unexpected token "=>", expecting ")"
in APPPATH\Controllers\Home.php on line 10.
 1 SYSTEMPATH\Autoloader\Autoloader.php(289): CodeIgniter\Autoloader\Autoloader->includeFile('C:\\xamppp\\htdocs\\PHP-DataTable\\app\\Controllers\\Home.php')
 2 SYSTEMPATH\Autoloader\Autoloader.php(267): CodeIgniter\Autoloader\Autoloader->loadInNamespace('App\\Controllers\\Home')
 3 [internal function]: CodeIgniter\Autoloader\Autoloader->loadClass('App\\Controllers\\Home')
 4 SYSTEMPATH\CodeIgniter.php(892): class_exists('\\App\\Controllers\\Home', true)
 5 SYSTEMPATH\CodeIgniter.php(486): CodeIgniter\CodeIgniter->startController()
 6 SYSTEMPATH\CodeIgniter.php(368): CodeIgniter\CodeIgniter->handleRequest(null, Object(Config\Cache), false)
 7 FCPATH\index.php(67): CodeIgniter\CodeIgniter->run()
 8 SYSTEMPATH\Commands\Server\rewrite.php(47): require_once('C:\\xamppp\\htdocs\\PHP-DataTable\\public\\index.php')
CRITICAL - 2023-06-17 15:15:52 --> syntax error, unexpected token "=>", expecting ")"
in APPPATH\Controllers\Home.php on line 10.
 1 SYSTEMPATH\Autoloader\Autoloader.php(289): CodeIgniter\Autoloader\Autoloader->includeFile('C:\\xamppp\\htdocs\\PHP-DataTable\\app\\Controllers\\Home.php')
 2 SYSTEMPATH\Autoloader\Autoloader.php(267): CodeIgniter\Autoloader\Autoloader->loadInNamespace('App\\Controllers\\Home')
 3 [internal function]: CodeIgniter\Autoloader\Autoloader->loadClass('App\\Controllers\\Home')
 4 SYSTEMPATH\CodeIgniter.php(892): class_exists('\\App\\Controllers\\Home', true)
 5 SYSTEMPATH\CodeIgniter.php(486): CodeIgniter\CodeIgniter->startController()
 6 SYSTEMPATH\CodeIgniter.php(368): CodeIgniter\CodeIgniter->handleRequest(null, Object(Config\Cache), false)
 7 FCPATH\index.php(67): CodeIgniter\CodeIgniter->run()
 8 SYSTEMPATH\Commands\Server\rewrite.php(47): require_once('C:\\xamppp\\htdocs\\PHP-DataTable\\public\\index.php')
CRITICAL - 2023-06-17 15:16:25 --> syntax error, unexpected token "=>", expecting ")"
in APPPATH\Controllers\Usuario.php on line 12.
 1 SYSTEMPATH\Autoloader\Autoloader.php(289): CodeIgniter\Autoloader\Autoloader->includeFile('C:\\xamppp\\htdocs\\PHP-DataTable\\app\\Controllers\\Usuario.php')
 2 SYSTEMPATH\Autoloader\Autoloader.php(267): CodeIgniter\Autoloader\Autoloader->loadInNamespace('App\\Controllers\\Usuario')
 3 APPPATH\Controllers\Home.php(9): CodeIgniter\Autoloader\Autoloader->loadClass('App\\Controllers\\Usuario')
 4 SYSTEMPATH\CodeIgniter.php(934): App\Controllers\Home->index()
 5 SYSTEMPATH\CodeIgniter.php(499): CodeIgniter\CodeIgniter->runController(Object(App\Controllers\Home))
 6 SYSTEMPATH\CodeIgniter.php(368): CodeIgniter\CodeIgniter->handleRequest(null, Object(Config\Cache), false)
 7 FCPATH\index.php(67): CodeIgniter\CodeIgniter->run()
 8 SYSTEMPATH\Commands\Server\rewrite.php(47): require_once('C:\\xamppp\\htdocs\\PHP-DataTable\\public\\index.php')
CRITICAL - 2023-06-17 15:16:40 --> Invalid file: "TableViews.php"
in SYSTEMPATH\Exceptions\FrameworkException.php on line 33.
 1 SYSTEMPATH\View\View.php(201): CodeIgniter\Exceptions\FrameworkException::forInvalidFile('TableViews.php')
 2 SYSTEMPATH\Common.php(1184): CodeIgniter\View\View->render('TableViews', [], true)
 3 APPPATH\Controllers\Usuario.php(12): view('TableViews', [...])
 4 APPPATH\Controllers\Home.php(10): App\Controllers\Usuario->TabelaUsuario()
 5 SYSTEMPATH\CodeIgniter.php(934): App\Controllers\Home->index()
 6 SYSTEMPATH\CodeIgniter.php(499): CodeIgniter\CodeIgniter->runController(Object(App\Controllers\Home))
 7 SYSTEMPATH\CodeIgniter.php(368): CodeIgniter\CodeIgniter->handleRequest(null, Object(Config\Cache), false)
 8 FCPATH\index.php(67): CodeIgniter\CodeIgniter->run()
 9 SYSTEMPATH\Commands\Server\rewrite.php(47): require_once('C:\\xamppp\\htdocs\\PHP-DataTable\\public\\index.php')
CRITICAL - 2023-06-17 16:00:25 --> Cannot access offset of type string on string
in APPPATH\Views\ModalViews\UsuarioModal.php on line 15.
 1 SYSTEMPATH\View\View.php(213): include()
 2 SYSTEMPATH\View\View.php(216): CodeIgniter\View\View->CodeIgniter\View\{closure}()
 3 SYSTEMPATH\Common.php(1184): CodeIgniter\View\View->render('ModalViews/UsuarioModal', [], true)
 4 APPPATH\Controllers\Usuario.php(12): view('ModalViews/UsuarioModal', [...])
 5 SYSTEMPATH\CodeIgniter.php(934): App\Controllers\Usuario->ModalUsuario()
 6 SYSTEMPATH\CodeIgniter.php(499): CodeIgniter\CodeIgniter->runController(Object(App\Controllers\Usuario))
 7 SYSTEMPATH\CodeIgniter.php(368): CodeIgniter\CodeIgniter->handleRequest(null, Object(Config\Cache), false)
 8 FCPATH\index.php(67): CodeIgniter\CodeIgniter->run()
 9 SYSTEMPATH\Commands\Server\rewrite.php(47): require_once('C:\\xamppp\\htdocs\\PHP-DataTable\\public\\index.php')
CRITICAL - 2023-06-17 16:17:51 --> Cannot access offset of type string on string
in APPPATH\Views\ModalViews\UsuarioModal.php on line 15.
 1 SYSTEMPATH\View\View.php(213): include()
 2 SYSTEMPATH\View\View.php(216): CodeIgniter\View\View->CodeIgniter\View\{closure}()
 3 SYSTEMPATH\Common.php(1184): CodeIgniter\View\View->render('ModalViews/UsuarioModal', [], true)
 4 APPPATH\Controllers\Usuario.php(12): view('ModalViews/UsuarioModal', [...])
 5 SYSTEMPATH\CodeIgniter.php(934): App\Controllers\Usuario->ModalUsuario(2)
 6 SYSTEMPATH\CodeIgniter.php(499): CodeIgniter\CodeIgniter->runController(Object(App\Controllers\Usuario))
 7 SYSTEMPATH\CodeIgniter.php(368): CodeIgniter\CodeIgniter->handleRequest(null, Object(Config\Cache), false)
 8 FCPATH\index.php(67): CodeIgniter\CodeIgniter->run()
 9 SYSTEMPATH\Commands\Server\rewrite.php(47): require_once('C:\\xamppp\\htdocs\\PHP-DataTable\\public\\index.php')
CRITICAL - 2023-06-17 16:24:32 --> syntax error, unexpected token ";"
in APPPATH\Views\welcome_message.php on line 284.
 1 SYSTEMPATH\View\View.php(216): CodeIgniter\View\View->CodeIgniter\View\{closure}()
 2 SYSTEMPATH\Common.php(1184): CodeIgniter\View\View->render('welcome_message', [], true)
 3 APPPATH\Controllers\Home.php(10): view('welcome_message', [...])
 4 SYSTEMPATH\CodeIgniter.php(934): App\Controllers\Home->index()
 5 SYSTEMPATH\CodeIgniter.php(499): CodeIgniter\CodeIgniter->runController(Object(App\Controllers\Home))
 6 SYSTEMPATH\CodeIgniter.php(368): CodeIgniter\CodeIgniter->handleRequest(null, Object(Config\Cache), false)
 7 FCPATH\index.php(67): CodeIgniter\CodeIgniter->run()
 8 SYSTEMPATH\Commands\Server\rewrite.php(47): require_once('C:\\xamppp\\htdocs\\PHP-DataTable\\public\\index.php')
ERROR - 2023-06-17 17:02:25 --> mysqli_sql_exception: Duplicate entry 'kauabastos2003@gmail.com' for key 'email' in C:\xamppp\htdocs\PHP-DataTable\system\Database\MySQLi\Connection.php:295
Stack trace:
#0 C:\xamppp\htdocs\PHP-DataTable\system\Database\MySQLi\Connection.php(295): mysqli->query('INSERT INTO `us...', 0)
#1 C:\xamppp\htdocs\PHP-DataTable\system\Database\BaseConnection.php(692): CodeIgniter\Database\MySQLi\Connection->execute('INSERT INTO `us...')
#2 C:\xamppp\htdocs\PHP-DataTable\system\Database\BaseConnection.php(606): CodeIgniter\Database\BaseConnection->simpleQuery('INSERT INTO `us...')
#3 C:\xamppp\htdocs\PHP-DataTable\system\Database\BaseBuilder.php(2309): CodeIgniter\Database\BaseConnection->query('INSERT INTO `us...', Array, false)
#4 C:\xamppp\htdocs\PHP-DataTable\system\Model.php(330): CodeIgniter\Database\BaseBuilder->insert()
#5 C:\xamppp\htdocs\PHP-DataTable\system\BaseModel.php(782): CodeIgniter\Model->doInsert(Array)
#6 C:\xamppp\htdocs\PHP-DataTable\system\Model.php(730): CodeIgniter\BaseModel->insert(Array, true)
#7 C:\xamppp\htdocs\PHP-DataTable\app\Controllers\Usuario.php(29): CodeIgniter\Model->insert(Array)
#8 C:\xamppp\htdocs\PHP-DataTable\system\CodeIgniter.php(934): App\Controllers\Usuario->CadastrarUsuario()
#9 C:\xamppp\htdocs\PHP-DataTable\system\CodeIgniter.php(499): CodeIgniter\CodeIgniter->runController(Object(App\Controllers\Usuario))
#10 C:\xamppp\htdocs\PHP-DataTable\system\CodeIgniter.php(368): CodeIgniter\CodeIgniter->handleRequest(NULL, Object(Config\Cache), false)
#11 C:\xamppp\htdocs\PHP-DataTable\public\index.php(67): CodeIgniter\CodeIgniter->run()
#12 C:\xamppp\htdocs\PHP-DataTable\system\Commands\Server\rewrite.php(47): require_once('C:\\xamppp\\htdoc...')
#13 {main}
ERROR - 2023-06-17 17:03:17 --> mysqli_sql_exception: Duplicate entry 'kauabastos2003@gmail.com' for key 'email' in C:\xamppp\htdocs\PHP-DataTable\system\Database\MySQLi\Connection.php:295
Stack trace:
#0 C:\xamppp\htdocs\PHP-DataTable\system\Database\MySQLi\Connection.php(295): mysqli->query('INSERT INTO `us...', 0)
#1 C:\xamppp\htdocs\PHP-DataTable\system\Database\BaseConnection.php(692): CodeIgniter\Database\MySQLi\Connection->execute('INSERT INTO `us...')
#2 C:\xamppp\htdocs\PHP-DataTable\system\Database\BaseConnection.php(606): CodeIgniter\Database\BaseConnection->simpleQuery('INSERT INTO `us...')
#3 C:\xamppp\htdocs\PHP-DataTable\system\Database\BaseBuilder.php(2309): CodeIgniter\Database\BaseConnection->query('INSERT INTO `us...', Array, false)
#4 C:\xamppp\htdocs\PHP-DataTable\system\Model.php(330): CodeIgniter\Database\BaseBuilder->insert()
#5 C:\xamppp\htdocs\PHP-DataTable\system\BaseModel.php(782): CodeIgniter\Model->doInsert(Array)
#6 C:\xamppp\htdocs\PHP-DataTable\system\Model.php(730): CodeIgniter\BaseModel->insert(Array, true)
#7 C:\xamppp\htdocs\PHP-DataTable\app\Controllers\Usuario.php(29): CodeIgniter\Model->insert(Array)
#8 C:\xamppp\htdocs\PHP-DataTable\system\CodeIgniter.php(934): App\Controllers\Usuario->CadastrarUsuario()
#9 C:\xamppp\htdocs\PHP-DataTable\system\CodeIgniter.php(499): CodeIgniter\CodeIgniter->runController(Object(App\Controllers\Usuario))
#10 C:\xamppp\htdocs\PHP-DataTable\system\CodeIgniter.php(368): CodeIgniter\CodeIgniter->handleRequest(NULL, Object(Config\Cache), false)
#11 C:\xamppp\htdocs\PHP-DataTable\public\index.php(67): CodeIgniter\CodeIgniter->run()
#12 C:\xamppp\htdocs\PHP-DataTable\system\Commands\Server\rewrite.php(47): require_once('C:\\xamppp\\htdoc...')
#13 {main}
ERROR - 2023-06-17 17:04:58 --> mysqli_sql_exception: Duplicate entry 'kauabastos2003@gmail.com' for key 'email' in C:\xamppp\htdocs\PHP-DataTable\system\Database\MySQLi\Connection.php:295
Stack trace:
#0 C:\xamppp\htdocs\PHP-DataTable\system\Database\MySQLi\Connection.php(295): mysqli->query('INSERT INTO `us...', 0)
#1 C:\xamppp\htdocs\PHP-DataTable\system\Database\BaseConnection.php(692): CodeIgniter\Database\MySQLi\Connection->execute('INSERT INTO `us...')
#2 C:\xamppp\htdocs\PHP-DataTable\system\Database\BaseConnection.php(606): CodeIgniter\Database\BaseConnection->simpleQuery('INSERT INTO `us...')
#3 C:\xamppp\htdocs\PHP-DataTable\system\Database\BaseBuilder.php(2309): CodeIgniter\Database\BaseConnection->query('INSERT INTO `us...', Array, false)
#4 C:\xamppp\htdocs\PHP-DataTable\system\Model.php(330): CodeIgniter\Database\BaseBuilder->insert()
#5 C:\xamppp\htdocs\PHP-DataTable\system\BaseModel.php(782): CodeIgniter\Model->doInsert(Array)
#6 C:\xamppp\htdocs\PHP-DataTable\system\Model.php(730): CodeIgniter\BaseModel->insert(Array, true)
#7 C:\xamppp\htdocs\PHP-DataTable\app\Controllers\Usuario.php(29): CodeIgniter\Model->insert(Array)
#8 C:\xamppp\htdocs\PHP-DataTable\system\CodeIgniter.php(934): App\Controllers\Usuario->CadastrarUsuario()
#9 C:\xamppp\htdocs\PHP-DataTable\system\CodeIgniter.php(499): CodeIgniter\CodeIgniter->runController(Object(App\Controllers\Usuario))
#10 C:\xamppp\htdocs\PHP-DataTable\system\CodeIgniter.php(368): CodeIgniter\CodeIgniter->handleRequest(NULL, Object(Config\Cache), false)
#11 C:\xamppp\htdocs\PHP-DataTable\public\index.php(67): CodeIgniter\CodeIgniter->run()
#12 C:\xamppp\htdocs\PHP-DataTable\system\Commands\Server\rewrite.php(47): require_once('C:\\xamppp\\htdoc...')
#13 {main}
ERROR - 2023-06-17 17:05:14 --> mysqli_sql_exception: Duplicate entry 'kauabastos2003@gmail.com' for key 'email' in C:\xamppp\htdocs\PHP-DataTable\system\Database\MySQLi\Connection.php:295
Stack trace:
#0 C:\xamppp\htdocs\PHP-DataTable\system\Database\MySQLi\Connection.php(295): mysqli->query('INSERT INTO `us...', 0)
#1 C:\xamppp\htdocs\PHP-DataTable\system\Database\BaseConnection.php(692): CodeIgniter\Database\MySQLi\Connection->execute('INSERT INTO `us...')
#2 C:\xamppp\htdocs\PHP-DataTable\system\Database\BaseConnection.php(606): CodeIgniter\Database\BaseConnection->simpleQuery('INSERT INTO `us...')
#3 C:\xamppp\htdocs\PHP-DataTable\system\Database\BaseBuilder.php(2309): CodeIgniter\Database\BaseConnection->query('INSERT INTO `us...', Array, false)
#4 C:\xamppp\htdocs\PHP-DataTable\system\Model.php(330): CodeIgniter\Database\BaseBuilder->insert()
#5 C:\xamppp\htdocs\PHP-DataTable\system\BaseModel.php(782): CodeIgniter\Model->doInsert(Array)
#6 C:\xamppp\htdocs\PHP-DataTable\system\Model.php(730): CodeIgniter\BaseModel->insert(Array, true)
#7 C:\xamppp\htdocs\PHP-DataTable\app\Controllers\Usuario.php(29): CodeIgniter\Model->insert(Array)
#8 C:\xamppp\htdocs\PHP-DataTable\system\CodeIgniter.php(934): App\Controllers\Usuario->CadastrarUsuario()
#9 C:\xamppp\htdocs\PHP-DataTable\system\CodeIgniter.php(499): CodeIgniter\CodeIgniter->runController(Object(App\Controllers\Usuario))
#10 C:\xamppp\htdocs\PHP-DataTable\system\CodeIgniter.php(368): CodeIgniter\CodeIgniter->handleRequest(NULL, Object(Config\Cache), false)
#11 C:\xamppp\htdocs\PHP-DataTable\public\index.php(67): CodeIgniter\CodeIgniter->run()
#12 C:\xamppp\htdocs\PHP-DataTable\system\Commands\Server\rewrite.php(47): require_once('C:\\xamppp\\htdoc...')
#13 {main}
ERROR - 2023-06-17 17:05:27 --> mysqli_sql_exception: Duplicate entry 'kauabastos2003@gmail.com' for key 'email' in C:\xamppp\htdocs\PHP-DataTable\system\Database\MySQLi\Connection.php:295
Stack trace:
#0 C:\xamppp\htdocs\PHP-DataTable\system\Database\MySQLi\Connection.php(295): mysqli->query('INSERT INTO `us...', 0)
#1 C:\xamppp\htdocs\PHP-DataTable\system\Database\BaseConnection.php(692): CodeIgniter\Database\MySQLi\Connection->execute('INSERT INTO `us...')
#2 C:\xamppp\htdocs\PHP-DataTable\system\Database\BaseConnection.php(606): CodeIgniter\Database\BaseConnection->simpleQuery('INSERT INTO `us...')
#3 C:\xamppp\htdocs\PHP-DataTable\system\Database\BaseBuilder.php(2309): CodeIgniter\Database\BaseConnection->query('INSERT INTO `us...', Array, false)
#4 C:\xamppp\htdocs\PHP-DataTable\system\Model.php(330): CodeIgniter\Database\BaseBuilder->insert()
#5 C:\xamppp\htdocs\PHP-DataTable\system\BaseModel.php(782): CodeIgniter\Model->doInsert(Array)
#6 C:\xamppp\htdocs\PHP-DataTable\system\Model.php(730): CodeIgniter\BaseModel->insert(Array, true)
#7 C:\xamppp\htdocs\PHP-DataTable\app\Controllers\Usuario.php(29): CodeIgniter\Model->insert(Array)
#8 C:\xamppp\htdocs\PHP-DataTable\system\CodeIgniter.php(934): App\Controllers\Usuario->CadastrarUsuario()
#9 C:\xamppp\htdocs\PHP-DataTable\system\CodeIgniter.php(499): CodeIgniter\CodeIgniter->runController(Object(App\Controllers\Usuario))
#10 C:\xamppp\htdocs\PHP-DataTable\system\CodeIgniter.php(368): CodeIgniter\CodeIgniter->handleRequest(NULL, Object(Config\Cache), false)
#11 C:\xamppp\htdocs\PHP-DataTable\public\index.php(67): CodeIgniter\CodeIgniter->run()
#12 C:\xamppp\htdocs\PHP-DataTable\system\Commands\Server\rewrite.php(47): require_once('C:\\xamppp\\htdoc...')
#13 {main}
ERROR - 2023-06-17 17:07:07 --> mysqli_sql_exception: Duplicate entry 'kauabastos2003@gmail.com' for key 'email' in C:\xamppp\htdocs\PHP-DataTable\system\Database\MySQLi\Connection.php:295
Stack trace:
#0 C:\xamppp\htdocs\PHP-DataTable\system\Database\MySQLi\Connection.php(295): mysqli->query('INSERT INTO `us...', 0)
#1 C:\xamppp\htdocs\PHP-DataTable\system\Database\BaseConnection.php(692): CodeIgniter\Database\MySQLi\Connection->execute('INSERT INTO `us...')
#2 C:\xamppp\htdocs\PHP-DataTable\system\Database\BaseConnection.php(606): CodeIgniter\Database\BaseConnection->simpleQuery('INSERT INTO `us...')
#3 C:\xamppp\htdocs\PHP-DataTable\system\Database\BaseBuilder.php(2309): CodeIgniter\Database\BaseConnection->query('INSERT INTO `us...', Array, false)
#4 C:\xamppp\htdocs\PHP-DataTable\system\Model.php(330): CodeIgniter\Database\BaseBuilder->insert()
#5 C:\xamppp\htdocs\PHP-DataTable\system\BaseModel.php(782): CodeIgniter\Model->doInsert(Array)
#6 C:\xamppp\htdocs\PHP-DataTable\system\Model.php(730): CodeIgniter\BaseModel->insert(Array, true)
#7 C:\xamppp\htdocs\PHP-DataTable\app\Controllers\Usuario.php(29): CodeIgniter\Model->insert(Array)
#8 C:\xamppp\htdocs\PHP-DataTable\system\CodeIgniter.php(934): App\Controllers\Usuario->CadastrarUsuario()
#9 C:\xamppp\htdocs\PHP-DataTable\system\CodeIgniter.php(499): CodeIgniter\CodeIgniter->runController(Object(App\Controllers\Usuario))
#10 C:\xamppp\htdocs\PHP-DataTable\system\CodeIgniter.php(368): CodeIgniter\CodeIgniter->handleRequest(NULL, Object(Config\Cache), false)
#11 C:\xamppp\htdocs\PHP-DataTable\public\index.php(67): CodeIgniter\CodeIgniter->run()
#12 C:\xamppp\htdocs\PHP-DataTable\system\Commands\Server\rewrite.php(47): require_once('C:\\xamppp\\htdoc...')
#13 {main}
ERROR - 2023-06-17 17:12:41 --> mysqli_sql_exception: Duplicate entry 'asadasd@gmail.com' for key 'email' in C:\xamppp\htdocs\PHP-DataTable\system\Database\MySQLi\Connection.php:295
Stack trace:
#0 C:\xamppp\htdocs\PHP-DataTable\system\Database\MySQLi\Connection.php(295): mysqli->query('INSERT INTO `us...', 0)
#1 C:\xamppp\htdocs\PHP-DataTable\system\Database\BaseConnection.php(692): CodeIgniter\Database\MySQLi\Connection->execute('INSERT INTO `us...')
#2 C:\xamppp\htdocs\PHP-DataTable\system\Database\BaseConnection.php(606): CodeIgniter\Database\BaseConnection->simpleQuery('INSERT INTO `us...')
#3 C:\xamppp\htdocs\PHP-DataTable\system\Database\BaseBuilder.php(2309): CodeIgniter\Database\BaseConnection->query('INSERT INTO `us...', Array, false)
#4 C:\xamppp\htdocs\PHP-DataTable\system\Model.php(330): CodeIgniter\Database\BaseBuilder->insert()
#5 C:\xamppp\htdocs\PHP-DataTable\system\BaseModel.php(782): CodeIgniter\Model->doInsert(Array)
#6 C:\xamppp\htdocs\PHP-DataTable\system\Model.php(730): CodeIgniter\BaseModel->insert(Array, true)
#7 C:\xamppp\htdocs\PHP-DataTable\app\Controllers\Usuario.php(29): CodeIgniter\Model->insert(Array)
#8 C:\xamppp\htdocs\PHP-DataTable\system\CodeIgniter.php(934): App\Controllers\Usuario->CadastrarUsuario()
#9 C:\xamppp\htdocs\PHP-DataTable\system\CodeIgniter.php(499): CodeIgniter\CodeIgniter->runController(Object(App\Controllers\Usuario))
#10 C:\xamppp\htdocs\PHP-DataTable\system\CodeIgniter.php(368): CodeIgniter\CodeIgniter->handleRequest(NULL, Object(Config\Cache), false)
#11 C:\xamppp\htdocs\PHP-DataTable\public\index.php(67): CodeIgniter\CodeIgniter->run()
#12 C:\xamppp\htdocs\PHP-DataTable\system\Commands\Server\rewrite.php(47): require_once('C:\\xamppp\\htdoc...')
#13 {main}
ERROR - 2023-06-17 17:13:12 --> mysqli_sql_exception: Duplicate entry 'kauabastos2003@gmail.com' for key 'email' in C:\xamppp\htdocs\PHP-DataTable\system\Database\MySQLi\Connection.php:295
Stack trace:
#0 C:\xamppp\htdocs\PHP-DataTable\system\Database\MySQLi\Connection.php(295): mysqli->query('INSERT INTO `us...', 0)
#1 C:\xamppp\htdocs\PHP-DataTable\system\Database\BaseConnection.php(692): CodeIgniter\Database\MySQLi\Connection->execute('INSERT INTO `us...')
#2 C:\xamppp\htdocs\PHP-DataTable\system\Database\BaseConnection.php(606): CodeIgniter\Database\BaseConnection->simpleQuery('INSERT INTO `us...')
#3 C:\xamppp\htdocs\PHP-DataTable\system\Database\BaseBuilder.php(2309): CodeIgniter\Database\BaseConnection->query('INSERT INTO `us...', Array, false)
#4 C:\xamppp\htdocs\PHP-DataTable\system\Model.php(330): CodeIgniter\Database\BaseBuilder->insert()
#5 C:\xamppp\htdocs\PHP-DataTable\system\BaseModel.php(782): CodeIgniter\Model->doInsert(Array)
#6 C:\xamppp\htdocs\PHP-DataTable\system\Model.php(730): CodeIgniter\BaseModel->insert(Array, true)
#7 C:\xamppp\htdocs\PHP-DataTable\app\Controllers\Usuario.php(29): CodeIgniter\Model->insert(Array)
#8 C:\xamppp\htdocs\PHP-DataTable\system\CodeIgniter.php(934): App\Controllers\Usuario->CadastrarUsuario()
#9 C:\xamppp\htdocs\PHP-DataTable\system\CodeIgniter.php(499): CodeIgniter\CodeIgniter->runController(Object(App\Controllers\Usuario))
#10 C:\xamppp\htdocs\PHP-DataTable\system\CodeIgniter.php(368): CodeIgniter\CodeIgniter->handleRequest(NULL, Object(Config\Cache), false)
#11 C:\xamppp\htdocs\PHP-DataTable\public\index.php(67): CodeIgniter\CodeIgniter->run()
#12 C:\xamppp\htdocs\PHP-DataTable\system\Commands\Server\rewrite.php(47): require_once('C:\\xamppp\\htdoc...')
#13 {main}
ERROR - 2023-06-17 17:22:11 --> mysqli_sql_exception: Duplicate entry 'kauabastos2003@gmail.com' for key 'email' in C:\xamppp\htdocs\PHP-DataTable\system\Database\MySQLi\Connection.php:295
Stack trace:
#0 C:\xamppp\htdocs\PHP-DataTable\system\Database\MySQLi\Connection.php(295): mysqli->query('INSERT INTO `us...', 0)
#1 C:\xamppp\htdocs\PHP-DataTable\system\Database\BaseConnection.php(692): CodeIgniter\Database\MySQLi\Connection->execute('INSERT INTO `us...')
#2 C:\xamppp\htdocs\PHP-DataTable\system\Database\BaseConnection.php(606): CodeIgniter\Database\BaseConnection->simpleQuery('INSERT INTO `us...')
#3 C:\xamppp\htdocs\PHP-DataTable\system\Database\BaseBuilder.php(2309): CodeIgniter\Database\BaseConnection->query('INSERT INTO `us...', Array, false)
#4 C:\xamppp\htdocs\PHP-DataTable\system\Model.php(330): CodeIgniter\Database\BaseBuilder->insert()
#5 C:\xamppp\htdocs\PHP-DataTable\system\BaseModel.php(782): CodeIgniter\Model->doInsert(Array)
#6 C:\xamppp\htdocs\PHP-DataTable\system\Model.php(730): CodeIgniter\BaseModel->insert(Array, true)
#7 C:\xamppp\htdocs\PHP-DataTable\app\Controllers\Usuario.php(29): CodeIgniter\Model->insert(Array)
#8 C:\xamppp\htdocs\PHP-DataTable\system\CodeIgniter.php(934): App\Controllers\Usuario->CadastrarUsuario()
#9 C:\xamppp\htdocs\PHP-DataTable\system\CodeIgniter.php(499): CodeIgniter\CodeIgniter->runController(Object(App\Controllers\Usuario))
#10 C:\xamppp\htdocs\PHP-DataTable\system\CodeIgniter.php(368): CodeIgniter\CodeIgniter->handleRequest(NULL, Object(Config\Cache), false)
#11 C:\xamppp\htdocs\PHP-DataTable\public\index.php(67): CodeIgniter\CodeIgniter->run()
#12 C:\xamppp\htdocs\PHP-DataTable\system\Commands\Server\rewrite.php(47): require_once('C:\\xamppp\\htdoc...')
#13 {main}
ERROR - 2023-06-17 17:36:55 --> mysqli_sql_exception: Duplicate entry '' for key 'email' in C:\xamppp\htdocs\PHP-DataTable\system\Database\MySQLi\Connection.php:295
Stack trace:
#0 C:\xamppp\htdocs\PHP-DataTable\system\Database\MySQLi\Connection.php(295): mysqli->query('UPDATE `usuario...', 0)
#1 C:\xamppp\htdocs\PHP-DataTable\system\Database\BaseConnection.php(692): CodeIgniter\Database\MySQLi\Connection->execute('UPDATE `usuario...')
#2 C:\xamppp\htdocs\PHP-DataTable\system\Database\BaseConnection.php(606): CodeIgniter\Database\BaseConnection->simpleQuery('UPDATE `usuario...')
#3 C:\xamppp\htdocs\PHP-DataTable\system\Database\BaseBuilder.php(2476): CodeIgniter\Database\BaseConnection->query('UPDATE `usuario...', Array, false)
#4 C:\xamppp\htdocs\PHP-DataTable\system\Model.php(396): CodeIgniter\Database\BaseBuilder->update()
#5 C:\xamppp\htdocs\PHP-DataTable\system\BaseModel.php(943): CodeIgniter\Model->doUpdate(Array, Array)
#6 C:\xamppp\htdocs\PHP-DataTable\system\Model.php(756): CodeIgniter\BaseModel->update(Array, Array)
#7 C:\xamppp\htdocs\PHP-DataTable\app\Controllers\Usuario.php(40): CodeIgniter\Model->update('18', Array)
#8 C:\xamppp\htdocs\PHP-DataTable\system\CodeIgniter.php(934): App\Controllers\Usuario->AtualizarUsuario()
#9 C:\xamppp\htdocs\PHP-DataTable\system\CodeIgniter.php(499): CodeIgniter\CodeIgniter->runController(Object(App\Controllers\Usuario))
#10 C:\xamppp\htdocs\PHP-DataTable\system\CodeIgniter.php(368): CodeIgniter\CodeIgniter->handleRequest(NULL, Object(Config\Cache), false)
#11 C:\xamppp\htdocs\PHP-DataTable\public\index.php(67): CodeIgniter\CodeIgniter->run()
#12 C:\xamppp\htdocs\PHP-DataTable\system\Commands\Server\rewrite.php(47): require_once('C:\\xamppp\\htdoc...')
#13 {main}
ERROR - 2023-06-17 17:38:27 --> mysqli_sql_exception: Duplicate entry 'kauabastos2003@gmail.com' for key 'email' in C:\xamppp\htdocs\PHP-DataTable\system\Database\MySQLi\Connection.php:295
Stack trace:
#0 C:\xamppp\htdocs\PHP-DataTable\system\Database\MySQLi\Connection.php(295): mysqli->query('INSERT INTO `us...', 0)
#1 C:\xamppp\htdocs\PHP-DataTable\system\Database\BaseConnection.php(692): CodeIgniter\Database\MySQLi\Connection->execute('INSERT INTO `us...')
#2 C:\xamppp\htdocs\PHP-DataTable\system\Database\BaseConnection.php(606): CodeIgniter\Database\BaseConnection->simpleQuery('INSERT INTO `us...')
#3 C:\xamppp\htdocs\PHP-DataTable\system\Database\BaseBuilder.php(2309): CodeIgniter\Database\BaseConnection->query('INSERT INTO `us...', Array, false)
#4 C:\xamppp\htdocs\PHP-DataTable\system\Model.php(330): CodeIgniter\Database\BaseBuilder->insert()
#5 C:\xamppp\htdocs\PHP-DataTable\system\BaseModel.php(782): CodeIgniter\Model->doInsert(Array)
#6 C:\xamppp\htdocs\PHP-DataTable\system\Model.php(730): CodeIgniter\BaseModel->insert(Array, true)
#7 C:\xamppp\htdocs\PHP-DataTable\app\Controllers\Usuario.php(29): CodeIgniter\Model->insert(Array)
#8 C:\xamppp\htdocs\PHP-DataTable\system\CodeIgniter.php(934): App\Controllers\Usuario->CadastrarUsuario()
#9 C:\xamppp\htdocs\PHP-DataTable\system\CodeIgniter.php(499): CodeIgniter\CodeIgniter->runController(Object(App\Controllers\Usuario))
#10 C:\xamppp\htdocs\PHP-DataTable\system\CodeIgniter.php(368): CodeIgniter\CodeIgniter->handleRequest(NULL, Object(Config\Cache), false)
#11 C:\xamppp\htdocs\PHP-DataTable\public\index.php(67): CodeIgniter\CodeIgniter->run()
#12 C:\xamppp\htdocs\PHP-DataTable\system\Commands\Server\rewrite.php(47): require_once('C:\\xamppp\\htdoc...')
#13 {main}
ERROR - 2023-06-17 17:38:37 --> mysqli_sql_exception: Duplicate entry 'kauabastos2003@gmail.com' for key 'email' in C:\xamppp\htdocs\PHP-DataTable\system\Database\MySQLi\Connection.php:295
Stack trace:
#0 C:\xamppp\htdocs\PHP-DataTable\system\Database\MySQLi\Connection.php(295): mysqli->query('INSERT INTO `us...', 0)
#1 C:\xamppp\htdocs\PHP-DataTable\system\Database\BaseConnection.php(692): CodeIgniter\Database\MySQLi\Connection->execute('INSERT INTO `us...')
#2 C:\xamppp\htdocs\PHP-DataTable\system\Database\BaseConnection.php(606): CodeIgniter\Database\BaseConnection->simpleQuery('INSERT INTO `us...')
#3 C:\xamppp\htdocs\PHP-DataTable\system\Database\BaseBuilder.php(2309): CodeIgniter\Database\BaseConnection->query('INSERT INTO `us...', Array, false)
#4 C:\xamppp\htdocs\PHP-DataTable\system\Model.php(330): CodeIgniter\Database\BaseBuilder->insert()
#5 C:\xamppp\htdocs\PHP-DataTable\system\BaseModel.php(782): CodeIgniter\Model->doInsert(Array)
#6 C:\xamppp\htdocs\PHP-DataTable\system\Model.php(730): CodeIgniter\BaseModel->insert(Array, true)
#7 C:\xamppp\htdocs\PHP-DataTable\app\Controllers\Usuario.php(29): CodeIgniter\Model->insert(Array)
#8 C:\xamppp\htdocs\PHP-DataTable\system\CodeIgniter.php(934): App\Controllers\Usuario->CadastrarUsuario()
#9 C:\xamppp\htdocs\PHP-DataTable\system\CodeIgniter.php(499): CodeIgniter\CodeIgniter->runController(Object(App\Controllers\Usuario))
#10 C:\xamppp\htdocs\PHP-DataTable\system\CodeIgniter.php(368): CodeIgniter\CodeIgniter->handleRequest(NULL, Object(Config\Cache), false)
#11 C:\xamppp\htdocs\PHP-DataTable\public\index.php(67): CodeIgniter\CodeIgniter->run()
#12 C:\xamppp\htdocs\PHP-DataTable\system\Commands\Server\rewrite.php(47): require_once('C:\\xamppp\\htdoc...')
#13 {main}
ERROR - 2023-06-17 17:38:46 --> mysqli_sql_exception: Duplicate entry 'kauabastos2003@gmail.com' for key 'email' in C:\xamppp\htdocs\PHP-DataTable\system\Database\MySQLi\Connection.php:295
Stack trace:
#0 C:\xamppp\htdocs\PHP-DataTable\system\Database\MySQLi\Connection.php(295): mysqli->query('INSERT INTO `us...', 0)
#1 C:\xamppp\htdocs\PHP-DataTable\system\Database\BaseConnection.php(692): CodeIgniter\Database\MySQLi\Connection->execute('INSERT INTO `us...')
#2 C:\xamppp\htdocs\PHP-DataTable\system\Database\BaseConnection.php(606): CodeIgniter\Database\BaseConnection->simpleQuery('INSERT INTO `us...')
#3 C:\xamppp\htdocs\PHP-DataTable\system\Database\BaseBuilder.php(2309): CodeIgniter\Database\BaseConnection->query('INSERT INTO `us...', Array, false)
#4 C:\xamppp\htdocs\PHP-DataTable\system\Model.php(330): CodeIgniter\Database\BaseBuilder->insert()
#5 C:\xamppp\htdocs\PHP-DataTable\system\BaseModel.php(782): CodeIgniter\Model->doInsert(Array)
#6 C:\xamppp\htdocs\PHP-DataTable\system\Model.php(730): CodeIgniter\BaseModel->insert(Array, true)
#7 C:\xamppp\htdocs\PHP-DataTable\app\Controllers\Usuario.php(29): CodeIgniter\Model->insert(Array)
#8 C:\xamppp\htdocs\PHP-DataTable\system\CodeIgniter.php(934): App\Controllers\Usuario->CadastrarUsuario()
#9 C:\xamppp\htdocs\PHP-DataTable\system\CodeIgniter.php(499): CodeIgniter\CodeIgniter->runController(Object(App\Controllers\Usuario))
#10 C:\xamppp\htdocs\PHP-DataTable\system\CodeIgniter.php(368): CodeIgniter\CodeIgniter->handleRequest(NULL, Object(Config\Cache), false)
#11 C:\xamppp\htdocs\PHP-DataTable\public\index.php(67): CodeIgniter\CodeIgniter->run()
#12 C:\xamppp\htdocs\PHP-DataTable\system\Commands\Server\rewrite.php(47): require_once('C:\\xamppp\\htdoc...')
#13 {main}
ERROR - 2023-06-17 17:40:14 --> mysqli_sql_exception: Duplicate entry 'kauabastos2003@gmail.com' for key 'email' in C:\xamppp\htdocs\PHP-DataTable\system\Database\MySQLi\Connection.php:295
Stack trace:
#0 C:\xamppp\htdocs\PHP-DataTable\system\Database\MySQLi\Connection.php(295): mysqli->query('INSERT INTO `us...', 0)
#1 C:\xamppp\htdocs\PHP-DataTable\system\Database\BaseConnection.php(692): CodeIgniter\Database\MySQLi\Connection->execute('INSERT INTO `us...')
#2 C:\xamppp\htdocs\PHP-DataTable\system\Database\BaseConnection.php(606): CodeIgniter\Database\BaseConnection->simpleQuery('INSERT INTO `us...')
#3 C:\xamppp\htdocs\PHP-DataTable\system\Database\BaseBuilder.php(2309): CodeIgniter\Database\BaseConnection->query('INSERT INTO `us...', Array, false)
#4 C:\xamppp\htdocs\PHP-DataTable\system\Model.php(330): CodeIgniter\Database\BaseBuilder->insert()
#5 C:\xamppp\htdocs\PHP-DataTable\system\BaseModel.php(782): CodeIgniter\Model->doInsert(Array)
#6 C:\xamppp\htdocs\PHP-DataTable\system\Model.php(730): CodeIgniter\BaseModel->insert(Array, true)
#7 C:\xamppp\htdocs\PHP-DataTable\app\Controllers\Usuario.php(29): CodeIgniter\Model->insert(Array)
#8 C:\xamppp\htdocs\PHP-DataTable\system\CodeIgniter.php(934): App\Controllers\Usuario->CadastrarUsuario()
#9 C:\xamppp\htdocs\PHP-DataTable\system\CodeIgniter.php(499): CodeIgniter\CodeIgniter->runController(Object(App\Controllers\Usuario))
#10 C:\xamppp\htdocs\PHP-DataTable\system\CodeIgniter.php(368): CodeIgniter\CodeIgniter->handleRequest(NULL, Object(Config\Cache), false)
#11 C:\xamppp\htdocs\PHP-DataTable\public\index.php(67): CodeIgniter\CodeIgniter->run()
#12 C:\xamppp\htdocs\PHP-DataTable\system\Commands\Server\rewrite.php(47): require_once('C:\\xamppp\\htdoc...')
#13 {main}
